<?xml version="1.0" encoding="UTF-8"?>
<!-- Generated by org.testng.reporters.JUnitReportReporter -->
<testsuite skipped="0" hostname="DESKTOP-4VO62H1" name="runnerFiles.LoginPageTestCases" tests="4" failures="0" timestamp="2022-02-24T16:07:52 IST" time="30.582" errors="0">
  <testcase name="validateTheLoginHeader" time="0.563" classname="runnerFiles.LoginPageTestCases"/>
  <system-out/>
  <testcase name="validateThePasswordField" time="8.124" classname="runnerFiles.LoginPageTestCases"/>
  <system-out/>
  <testcase name="validateTheLoginDesc" time="0.576" classname="runnerFiles.LoginPageTestCases"/>
  <system-out/>
  <testcase name="validateTheEmailIdField" time="21.319" classname="runnerFiles.LoginPageTestCases"/>
  <system-out/>
</testsuite> <!-- runnerFiles.LoginPageTestCases -->
