<?xml version="1.0" encoding="UTF-8"?>
<!-- Generated by org.testng.reporters.JUnitReportReporter -->
<testsuite skipped="0" hostname="DESKTOP-4VO62H1" name="runnerFiles.BeforeRun" tests="1" failures="0" timestamp="2021-08-31T06:11:31 IST" time="0.560" errors="0">
  <testcase name="asd" time="0.560" classname="runnerFiles.BeforeRun"/>
  <system-out/>
</testsuite> <!-- runnerFiles.BeforeRun -->
