<?xml version="1.0" encoding="UTF-8"?>
<!-- Generated by org.testng.reporters.JUnitReportReporter -->
<testsuite skipped="3" hostname="DESKTOP-4VO62H1" name="runnerFiles.UserListingFilterSection" tests="44" failures="0" timestamp="2021-11-10T15:52:52 IST" time="583.885" errors="0">
  <testcase name="UserClearAllthenApplyFilterandValidatesEmailIds" time="13.860" classname="runnerFiles.UserListingFilterSection"/>
  <system-out/>
  <testcase name="UserClearAllthenApplyFilterandValidatesEmailIds" time="14.179" classname="runnerFiles.UserListingFilterSection"/>
  <system-out/>
  <testcase name="UserClearAllthenApplyFilterandValidatesEmailIds" time="13.929" classname="runnerFiles.UserListingFilterSection"/>
  <system-out/>
  <testcase name="UserClearAllthenApplyFilterandValidatesEmailIds" time="14.007" classname="runnerFiles.UserListingFilterSection"/>
  <system-out/>
  <testcase name="UserClearAllthenApplyFilterandValidatesEmailIds" time="13.984" classname="runnerFiles.UserListingFilterSection"/>
  <system-out/>
  <testcase name="UserClearAllthenApplyFilterandValidatesEmailIds" time="15.208" classname="runnerFiles.UserListingFilterSection"/>
  <system-out/>
  <testcase name="UserClearAllthenApplyFilterandValidatesEmailIds" time="14.268" classname="runnerFiles.UserListingFilterSection"/>
  <system-out/>
  <testcase name="UserClearAllthenApplyFilterandValidatesEmailIds" time="15.073" classname="runnerFiles.UserListingFilterSection"/>
  <system-out/>
  <testcase name="UserClearAllthenApplyFilterandValidatesEmailIds" time="14.014" classname="runnerFiles.UserListingFilterSection"/>
  <system-out/>
  <testcase name="UserClearAllthenApplyFilterandValidatesEmailIds" time="14.126" classname="runnerFiles.UserListingFilterSection"/>
  <system-out/>
  <testcase name="UserClearAllthenApplyFilterandValidatesEmailIds" time="13.516" classname="runnerFiles.UserListingFilterSection"/>
  <system-out/>
  <testcase name="UserClearAllthenApplyFilterandValidatesEmailIds" time="14.531" classname="runnerFiles.UserListingFilterSection"/>
  <system-out/>
  <testcase name="UserClearAllthenApplyFilterandValidatesEmailIds" time="14.283" classname="runnerFiles.UserListingFilterSection"/>
  <system-out/>
  <testcase name="UserClearAllthenApplyFilterandValidatesEmailIds" time="14.160" classname="runnerFiles.UserListingFilterSection"/>
  <system-out/>
  <testcase name="UserClearAllthenApplyFilterandValidatesEmailIds" time="14.206" classname="runnerFiles.UserListingFilterSection"/>
  <system-out/>
  <testcase name="UserClearAllthenApplyFilterandValidatesEmailIds" time="14.250" classname="runnerFiles.UserListingFilterSection"/>
  <system-out/>
  <testcase name="UserClearAllthenApplyFilterandValidatesEmailIds" time="13.759" classname="runnerFiles.UserListingFilterSection"/>
  <system-out/>
  <testcase name="UserClearAllthenApplyFilterandValidatesEmailIds" time="14.021" classname="runnerFiles.UserListingFilterSection"/>
  <system-out/>
  <testcase name="UserClearAllthenApplyFilterandValidatesEmailIds" time="14.353" classname="runnerFiles.UserListingFilterSection"/>
  <system-out/>
  <testcase name="UserClearAllthenApplyFilterandValidatesEmailIds" time="13.559" classname="runnerFiles.UserListingFilterSection"/>
  <system-out/>
  <testcase name="UserClearAllthenApplyFilterandValidatesEmailIds" time="14.221" classname="runnerFiles.UserListingFilterSection"/>
  <system-out/>
  <testcase name="UserClearAllthenApplyFilterandValidatesEmailIds" time="14.602" classname="runnerFiles.UserListingFilterSection"/>
  <system-out/>
  <testcase name="UserClearAllthenApplyFilterandValidatesEmailIds" time="14.172" classname="runnerFiles.UserListingFilterSection"/>
  <system-out/>
  <testcase name="UserClearAllthenApplyFilterandValidatesEmailIds" time="14.189" classname="runnerFiles.UserListingFilterSection"/>
  <system-out/>
  <testcase name="UserClearAllthenApplyFilterandValidatesEmailIds" time="13.777" classname="runnerFiles.UserListingFilterSection"/>
  <system-out/>
  <testcase name="UserClearAllthenApplyFilterandValidatesEmailIds" time="14.252" classname="runnerFiles.UserListingFilterSection"/>
  <system-out/>
  <testcase name="UserClearAllthenApplyFilterandValidatesEmailIds" time="14.318" classname="runnerFiles.UserListingFilterSection"/>
  <system-out/>
  <testcase name="UserClearAllthenApplyFilterandValidatesEmailIds" time="14.586" classname="runnerFiles.UserListingFilterSection"/>
  <system-out/>
  <testcase name="UserClearAllthenApplyFilterandValidatesEmailIds" time="13.832" classname="runnerFiles.UserListingFilterSection"/>
  <system-out/>
  <testcase name="UserClearAllthenApplyFilterandValidatesEmailIds" time="14.021" classname="runnerFiles.UserListingFilterSection"/>
  <system-out/>
  <testcase name="UserClearAllthenApplyFilterandValidatesEmailIds" time="14.220" classname="runnerFiles.UserListingFilterSection"/>
  <system-out/>
  <testcase name="UserClearAllthenApplyFilterandValidatesEmailIds" time="14.491" classname="runnerFiles.UserListingFilterSection"/>
  <system-out/>
  <testcase name="UserClearAllthenApplyFilterandValidatesEmailIds" time="14.159" classname="runnerFiles.UserListingFilterSection"/>
  <system-out/>
  <testcase name="UserClearAllthenApplyFilterandValidatesEmailIds" time="14.389" classname="runnerFiles.UserListingFilterSection"/>
  <system-out/>
  <testcase name="UserClearAllthenApplyFilterandValidatesEmailIds" time="14.137" classname="runnerFiles.UserListingFilterSection"/>
  <system-out/>
  <testcase name="UserClearAllthenApplyFilterandValidatesEmailIds" time="14.271" classname="runnerFiles.UserListingFilterSection"/>
  <system-out/>
  <testcase name="UserClearAllthenApplyFilterandValidatesEmailIds" time="14.228" classname="runnerFiles.UserListingFilterSection"/>
  <system-out/>
  <testcase name="UserClearAllthenApplyFilterandValidatesEmailIds" time="16.185" classname="runnerFiles.UserListingFilterSection"/>
  <system-out/>
  <testcase name="UserClearAllthenApplyFilterandValidatesEmailIds" time="14.230" classname="runnerFiles.UserListingFilterSection"/>
  <system-out/>
  <testcase name="UserClearAllthenApplyFilterandValidatesEmailIds" time="14.027" classname="runnerFiles.UserListingFilterSection"/>
  <system-out/>
  <testcase name="UserClearAllthenApplyFilterandValidatesEmailIds" time="14.292" classname="runnerFiles.UserListingFilterSection"/>
  <system-out/>
  <testcase name="UserReapplystheExistingAppliedFiltersandValidatesEmailIds" classname="runnerFiles.UserListingFilterSection">
    <skipped/>
  </testcase> <!-- UserReapplystheExistingAppliedFiltersandValidatesEmailIds -->
  <system-out/>
  <testcase name="UserUnchecksthenApplyFilterandValidatesEmailIds" classname="runnerFiles.UserListingFilterSection">
    <skipped/>
  </testcase> <!-- UserUnchecksthenApplyFilterandValidatesEmailIds -->
  <system-out/>
  <testcase name="UserRefreshthenApplyFiltersandValidatesEmailIds" classname="runnerFiles.UserListingFilterSection">
    <skipped/>
  </testcase> <!-- UserRefreshthenApplyFiltersandValidatesEmailIds -->
  <system-out/>
</testsuite> <!-- runnerFiles.UserListingFilterSection -->
