<?xml version="1.0" encoding="UTF-8"?>
<!-- Generated by org.testng.reporters.JUnitReportReporter -->
<testsuite skipped="0" hostname="DESKTOP-4VO62H1" name="runnerFiles.Suppliers" tests="1" failures="0" timestamp="2022-03-02T14:26:15 IST" time="2.805" errors="0">
  <testcase name="addNewSupplier" time="2.805" classname="runnerFiles.Suppliers"/>
  <system-out/>
</testsuite> <!-- runnerFiles.Suppliers -->
