<?xml version="1.0" encoding="UTF-8"?>
<!-- Generated by org.testng.reporters.JUnitReportReporter -->
<testsuite skipped="1" hostname="DESKTOP-4VO62H1" name="runnerFiles.Hotels" tests="2" failures="0" timestamp="2022-03-03T17:18:30 IST" time="63.506" errors="0">
  <testcase name="addNewHotelDetails" time="63.506" classname="runnerFiles.Hotels"/>
  <system-out/>
  <testcase name="validateHotelsModalWindow" classname="runnerFiles.Hotels">
    <skipped/>
  </testcase> <!-- validateHotelsModalWindow -->
  <system-out/>
</testsuite> <!-- runnerFiles.Hotels -->
