<?xml version="1.0" encoding="UTF-8"?>
<!-- Generated by org.testng.reporters.JUnitReportReporter -->
<testsuite skipped="0" hostname="DESKTOP-4VO62H1" name="runnerFiles.MasterSection" tests="1" failures="0" timestamp="2022-04-04T15:25:25 IST" time="60.188" errors="0">
  <testcase name="countries" time="60.188" classname="runnerFiles.MasterSection"/>
  <system-out/>
</testsuite> <!-- runnerFiles.MasterSection -->
