<?xml version="1.0" encoding="UTF-8"?>
<!-- Generated by org.testng.reporters.JUnitReportReporter -->
<testsuite skipped="0" hostname="DESKTOP-4VO62H1" name="runnerFiles.Hotels" tests="1" failures="0" timestamp="2022-03-03T12:21:54 IST" time="0.031" errors="0">
  <testcase name="validateHotelsModalWindow" time="0.031" classname="runnerFiles.Hotels"/>
  <system-out/>
</testsuite> <!-- runnerFiles.Hotels -->
